2024-09-18T12:51:38.859+05:30  INFO 8492 --- [user] [main] com.usermanagement.UserApplication       : Starting UserApplication using Java 21.0.4 with PID 8492 (D:\spring boot project\user\target\classes started by Kharanshu in D:\spring boot project\user)
2024-09-18T12:51:38.869+05:30  INFO 8492 --- [user] [main] com.usermanagement.UserApplication       : No active profile set, falling back to 1 default profile: "default"
2024-09-18T12:51:39.747+05:30  INFO 8492 --- [user] [main] .s.d.r.c.RepositoryConfigurationDelegate : Bootstrapping Spring Data JPA repositories in DEFAULT mode.
2024-09-18T12:51:39.822+05:30  INFO 8492 --- [user] [main] .s.d.r.c.RepositoryConfigurationDelegate : Finished Spring Data repository scanning in 67 ms. Found 3 JPA repository interfaces.
2024-09-18T12:51:40.454+05:30  INFO 8492 --- [user] [main] o.s.b.w.embedded.tomcat.TomcatWebServer  : Tomcat initialized with port 8080 (http)
2024-09-18T12:51:40.472+05:30  INFO 8492 --- [user] [main] o.apache.catalina.core.StandardService   : Starting service [Tomcat]
2024-09-18T12:51:40.472+05:30  INFO 8492 --- [user] [main] o.apache.catalina.core.StandardEngine    : Starting Servlet engine: [Apache Tomcat/10.1.28]
2024-09-18T12:51:40.553+05:30  INFO 8492 --- [user] [main] o.a.c.c.C.[Tomcat].[localhost].[/]       : Initializing Spring embedded WebApplicationContext
2024-09-18T12:51:40.553+05:30  INFO 8492 --- [user] [main] w.s.c.ServletWebServerApplicationContext : Root WebApplicationContext: initialization completed in 1625 ms
2024-09-18T12:51:40.733+05:30  INFO 8492 --- [user] [main] o.hibernate.jpa.internal.util.LogHelper  : HHH000204: Processing PersistenceUnitInfo [name: default]
2024-09-18T12:51:40.837+05:30  INFO 8492 --- [user] [main] org.hibernate.Version                    : HHH000412: Hibernate ORM core version 6.5.2.Final
2024-09-18T12:51:40.887+05:30  INFO 8492 --- [user] [main] o.h.c.internal.RegionFactoryInitiator    : HHH000026: Second-level cache disabled
2024-09-18T12:51:41.313+05:30  INFO 8492 --- [user] [main] o.s.o.j.p.SpringPersistenceUnitInfo      : No LoadTimeWeaver setup: ignoring JPA class transformer
2024-09-18T12:51:41.353+05:30  INFO 8492 --- [user] [main] com.zaxxer.hikari.HikariDataSource       : HikariPool-1 - Starting...
2024-09-18T12:51:41.790+05:30  INFO 8492 --- [user] [main] com.zaxxer.hikari.pool.HikariPool        : HikariPool-1 - Added connection com.mysql.cj.jdbc.ConnectionImpl@5b1ff8cd
2024-09-18T12:51:41.793+05:30  INFO 8492 --- [user] [main] com.zaxxer.hikari.HikariDataSource       : HikariPool-1 - Start completed.
2024-09-18T12:51:43.130+05:30  INFO 8492 --- [user] [main] o.h.e.t.j.p.i.JtaPlatformInitiator       : HHH000489: No JTA platform available (set 'hibernate.transaction.jta.platform' to enable JTA platform integration)
2024-09-18T12:51:43.230+05:30  INFO 8492 --- [user] [main] j.LocalContainerEntityManagerFactoryBean : Initialized JPA EntityManagerFactory for persistence unit 'default'
2024-09-18T12:51:43.627+05:30  INFO 8492 --- [user] [main] o.s.s.p.JdbcUserDetailsManager           : No authentication manager set. Reauthentication of users when changing passwords will not be performed.
2024-09-18T12:51:43.659+05:30  WARN 8492 --- [user] [main] JpaBaseConfiguration$JpaWebConfiguration : spring.jpa.open-in-view is enabled by default. Therefore, database queries may be performed during view rendering. Explicitly configure spring.jpa.open-in-view to disable this warning
2024-09-18T12:51:43.705+05:30  INFO 8492 --- [user] [main] r$InitializeUserDetailsManagerConfigurer : Global AuthenticationManager configured with UserDetailsService bean with name userDetailsManager
2024-09-18T12:51:44.293+05:30  INFO 8492 --- [user] [main] o.s.b.w.embedded.tomcat.TomcatWebServer  : Tomcat started on port 8080 (http) with context path '/'
2024-09-18T12:51:44.305+05:30  INFO 8492 --- [user] [main] com.usermanagement.UserApplication       : Started UserApplication in 5.906 seconds (process running for 6.666)
2024-09-18T12:52:14.874+05:30  INFO 8492 --- [user] [http-nio-8080-exec-1] o.a.c.c.C.[Tomcat].[localhost].[/]       : Initializing Spring DispatcherServlet 'dispatcherServlet'
2024-09-18T12:52:14.875+05:30  INFO 8492 --- [user] [http-nio-8080-exec-1] o.s.web.servlet.DispatcherServlet        : Initializing Servlet 'dispatcherServlet'
2024-09-18T12:52:14.876+05:30  INFO 8492 --- [user] [http-nio-8080-exec-1] o.s.web.servlet.DispatcherServlet        : Completed initialization in 1 ms
2024-09-18T13:02:27.560+05:30  INFO 8492 --- [user] [RMI TCP Connection(14)-127.0.0.1] inMXBeanRegistrar$SpringApplicationAdmin : Application shutdown requested.
2024-09-18T13:02:27.583+05:30  INFO 8492 --- [user] [RMI TCP Connection(14)-127.0.0.1] j.LocalContainerEntityManagerFactoryBean : Closing JPA EntityManagerFactory for persistence unit 'default'
2024-09-18T13:02:27.583+05:30  INFO 8492 --- [user] [RMI TCP Connection(14)-127.0.0.1] com.zaxxer.hikari.HikariDataSource       : HikariPool-1 - Shutdown initiated...
2024-09-18T13:02:27.599+05:30  INFO 8492 --- [user] [RMI TCP Connection(14)-127.0.0.1] com.zaxxer.hikari.HikariDataSource       : HikariPool-1 - Shutdown completed.
